<?xml version="1.0" encoding="UTF-8"?>
<testsuite name="com.donga.senior_project.SeniorProjectApplicationTests" tests="1" skipped="0" failures="0" errors="0" timestamp="2024-07-03T05:44:42" hostname="songminseog-ui-MacBookPro.local" time="0.273">
  <properties/>
  <testcase name="contextLoads()" classname="com.donga.senior_project.SeniorProjectApplicationTests" time="0.273"/>
  <system-out><![CDATA[14:44:40.866 [Test worker] INFO org.springframework.test.context.support.AnnotationConfigContextLoaderUtils -- Could not detect default configuration classes for test class [com.donga.senior_project.SeniorProjectApplicationTests]: SeniorProjectApplicationTests does not declare any static, non-private, non-final, nested classes annotated with @Configuration.
14:44:40.909 [Test worker] INFO org.springframework.boot.test.context.SpringBootTestContextBootstrapper -- Found @SpringBootConfiguration com.donga.senior_project.SeniorProjectApplication for test class com.donga.senior_project.SeniorProjectApplicationTests

  .   ____          _            __ _ _
 /\\ / ___'_ __ _ _(_)_ __  __ _ \ \ \ \
( ( )\___ | '_ | '_| | '_ \/ _` | \ \ \ \
 \\/  ___)| |_)| | | | | || (_| |  ) ) ) )
  '  |____| .__|_| |_|_| |_\__, | / / / /
 =========|_|==============|___/=/_/_/_/

 :: Spring Boot ::                (v3.3.1)

2024-07-03T14:44:41.074+09:00  INFO 14313 --- [senior_project] [    Test worker] c.d.s.SeniorProjectApplicationTests      : Starting SeniorProjectApplicationTests using Java 17.0.11 with PID 14313 (started by song in /Users/song/Documents/Intellij_files/senior_project)
2024-07-03T14:44:41.075+09:00  INFO 14313 --- [senior_project] [    Test worker] c.d.s.SeniorProjectApplicationTests      : The following 1 profile is active: "test"
2024-07-03T14:44:41.339+09:00  INFO 14313 --- [senior_project] [    Test worker] .s.d.r.c.RepositoryConfigurationDelegate : Bootstrapping Spring Data JPA repositories in DEFAULT mode.
2024-07-03T14:44:41.362+09:00  INFO 14313 --- [senior_project] [    Test worker] .s.d.r.c.RepositoryConfigurationDelegate : Finished Spring Data repository scanning in 20 ms. Found 1 JPA repository interface.
2024-07-03T14:44:41.554+09:00  INFO 14313 --- [senior_project] [    Test worker] o.hibernate.jpa.internal.util.LogHelper  : HHH000204: Processing PersistenceUnitInfo [name: default]
2024-07-03T14:44:41.579+09:00  INFO 14313 --- [senior_project] [    Test worker] org.hibernate.Version                    : HHH000412: Hibernate ORM core version 6.5.2.Final
2024-07-03T14:44:41.595+09:00  INFO 14313 --- [senior_project] [    Test worker] o.h.c.internal.RegionFactoryInitiator    : HHH000026: Second-level cache disabled
2024-07-03T14:44:41.724+09:00  INFO 14313 --- [senior_project] [    Test worker] o.s.o.j.p.SpringPersistenceUnitInfo      : No LoadTimeWeaver setup: ignoring JPA class transformer
2024-07-03T14:44:41.736+09:00  INFO 14313 --- [senior_project] [    Test worker] com.zaxxer.hikari.HikariDataSource       : HikariPool-1 - Starting...
2024-07-03T14:44:41.829+09:00  INFO 14313 --- [senior_project] [    Test worker] com.zaxxer.hikari.pool.HikariPool        : HikariPool-1 - Added connection conn0: url=jdbc:h2:mem:testdb user=SA
2024-07-03T14:44:41.830+09:00  INFO 14313 --- [senior_project] [    Test worker] com.zaxxer.hikari.HikariDataSource       : HikariPool-1 - Start completed.
2024-07-03T14:44:41.841+09:00  WARN 14313 --- [senior_project] [    Test worker] org.hibernate.orm.deprecation            : HHH90000025: H2Dialect does not need to be specified explicitly using 'hibernate.dialect' (remove the property setting and it will be selected by default)
2024-07-03T14:44:42.206+09:00  INFO 14313 --- [senior_project] [    Test worker] o.h.e.t.j.p.i.JtaPlatformInitiator       : HHH000489: No JTA platform available (set 'hibernate.transaction.jta.platform' to enable JTA platform integration)
Hibernate: create table data (NUMBER integer generated by default as identity, celebrity varchar(255), date varchar(255), place varchar(255), post_url varchar(255), uploader varchar(255), primary key (NUMBER))
2024-07-03T14:44:42.236+09:00  INFO 14313 --- [senior_project] [    Test worker] j.LocalContainerEntityManagerFactoryBean : Initialized JPA EntityManagerFactory for persistence unit 'default'
2024-07-03T14:44:42.399+09:00  WARN 14313 --- [senior_project] [    Test worker] JpaBaseConfiguration$JpaWebConfiguration : spring.jpa.open-in-view is enabled by default. Therefore, database queries may be performed during view rendering. Explicitly configure spring.jpa.open-in-view to disable this warning
2024-07-03T14:44:42.602+09:00  INFO 14313 --- [senior_project] [    Test worker] c.d.s.SeniorProjectApplicationTests      : Started SeniorProjectApplicationTests in 1.628 seconds (process running for 2.102)
]]></system-out>
  <system-err><![CDATA[]]></system-err>
</testsuite>
